This file contains any messages produced by compilers while
running configure, to aid debugging if configure makes a mistake.

It was created by argosmt configure current, which was
generated by GNU Autoconf 2.69.  Invocation command line was

  $ ./configure 

## --------- ##
## Platform. ##
## --------- ##

hostname = dragana-VirtualBox
uname -m = x86_64
uname -r = 5.11.0-41-generic
uname -s = Linux
uname -v = #45~20.04.1-Ubuntu SMP Wed Nov 10 10:20:10 UTC 2021

/usr/bin/uname -p = x86_64
/bin/uname -X     = unknown

/bin/arch              = x86_64
/usr/bin/arch -k       = unknown
/usr/convex/getsysinfo = unknown
/usr/bin/hostinfo      = unknown
/bin/machine           = unknown
/usr/bin/oslevel       = unknown
/bin/universe          = unknown

PATH: /usr/local/sbin
PATH: /usr/local/bin
PATH: /usr/sbin
PATH: /usr/bin
PATH: /sbin
PATH: /bin
PATH: /usr/games
PATH: /usr/local/games
PATH: /snap/bin


## ----------- ##
## Core tests. ##
## ----------- ##

configure:1976: checking for a BSD-compatible install
configure:2044: result: /usr/bin/install -c
configure:2055: checking whether build environment is sane
configure:2110: result: yes
configure:2259: checking for a thread-safe mkdir -p
configure:2298: result: /usr/bin/mkdir -p
configure:2305: checking for gawk
configure:2335: result: no
configure:2305: checking for mawk
configure:2321: found /usr/bin/mawk
configure:2332: result: mawk
configure:2343: checking whether make sets $(MAKE)
configure:2365: result: yes
configure:2394: checking whether make supports nested variables
configure:2411: result: yes
configure:2549: checking whether make supports the include directive
configure:2564: make -f confmf.GNU && cat confinc.out
this is the am__doit target
configure:2567: $? = 0
configure:2586: result: yes (GNU style)
configure:2656: checking for gcc
configure:2672: found /usr/bin/gcc
configure:2683: result: gcc
configure:2912: checking for C compiler version
configure:2921: gcc --version >&5
gcc (Ubuntu 9.3.0-17ubuntu1~20.04) 9.3.0
Copyright (C) 2019 Free Software Foundation, Inc.
This is free software; see the source for copying conditions.  There is NO
warranty; not even for MERCHANTABILITY or FITNESS FOR A PARTICULAR PURPOSE.

configure:2932: $? = 0
configure:2921: gcc -v >&5
Using built-in specs.
COLLECT_GCC=gcc
COLLECT_LTO_WRAPPER=/usr/lib/gcc/x86_64-linux-gnu/9/lto-wrapper
OFFLOAD_TARGET_NAMES=nvptx-none:hsa
OFFLOAD_TARGET_DEFAULT=1
Target: x86_64-linux-gnu
Configured with: ../src/configure -v --with-pkgversion='Ubuntu 9.3.0-17ubuntu1~20.04' --with-bugurl=file:///usr/share/doc/gcc-9/README.Bugs --enable-languages=c,ada,c++,go,brig,d,fortran,objc,obj-c++,gm2 --prefix=/usr --with-gcc-major-version-only --program-suffix=-9 --program-prefix=x86_64-linux-gnu- --enable-shared --enable-linker-build-id --libexecdir=/usr/lib --without-included-gettext --enable-threads=posix --libdir=/usr/lib --enable-nls --enable-clocale=gnu --enable-libstdcxx-debug --enable-libstdcxx-time=yes --with-default-libstdcxx-abi=new --enable-gnu-unique-object --disable-vtable-verify --enable-plugin --enable-default-pie --with-system-zlib --with-target-system-zlib=auto --enable-objc-gc=auto --enable-multiarch --disable-werror --with-arch-32=i686 --with-abi=m64 --with-multilib-list=m32,m64,mx32 --enable-multilib --with-tune=generic --enable-offload-targets=nvptx-none=/build/gcc-9-HskZEa/gcc-9-9.3.0/debian/tmp-nvptx/usr,hsa --without-cuda-driver --enable-checking=release --build=x86_64-linux-gnu --host=x86_64-linux-gnu --target=x86_64-linux-gnu
Thread model: posix
gcc version 9.3.0 (Ubuntu 9.3.0-17ubuntu1~20.04) 
configure:2932: $? = 0
configure:2921: gcc -V >&5
gcc: error: unrecognized command line option '-V'
gcc: fatal error: no input files
compilation terminated.
configure:2932: $? = 1
configure:2921: gcc -qversion >&5
gcc: error: unrecognized command line option '-qversion'; did you mean '--version'?
gcc: fatal error: no input files
compilation terminated.
configure:2932: $? = 1
configure:2952: checking whether the C compiler works
configure:2974: gcc    conftest.c  >&5
configure:2978: $? = 0
configure:3026: result: yes
configure:3029: checking for C compiler default output file name
configure:3031: result: a.out
configure:3037: checking for suffix of executables
configure:3044: gcc -o conftest    conftest.c  >&5
configure:3048: $? = 0
configure:3070: result: 
configure:3092: checking whether we are cross compiling
configure:3100: gcc -o conftest    conftest.c  >&5
configure:3104: $? = 0
configure:3111: ./conftest
configure:3115: $? = 0
configure:3103: result: no
configure:3108: checking for suffix of object files
configure:3130: gcc -c   conftest.c >&5
configure:3134: $? = 0
configure:3155: result: o
configure:3159: checking whether we are using the GNU C compiler
configure:3178: gcc -c   conftest.c >&5
configure:3178: $? = 0
configure:3187: result: yes
configure:3196: checking whether gcc accepts -g
configure:3216: gcc -c -g  conftest.c >&5
configure:3216: $? = 0
configure:3257: result: yes
configure:3274: checking for gcc option to accept ISO C89
configure:3337: gcc  -c -g -O2  conftest.c >&5
configure:3337: $? = 0
configure:3350: result: none needed
configure:3375: checking whether gcc understands -c and -o together
configure:3397: gcc -c conftest.c -o conftest2.o
configure:3400: $? = 0
configure:3397: gcc -c conftest.c -o conftest2.o
configure:3400: $? = 0
configure:3412: result: yes
configure:3431: checking dependency style of gcc
configure:3542: result: gcc3
configure:3562: checking for flex
configure:3592: result: no
configure:3562: checking for lex
configure:3592: result: no
configure:3721: checking for bison
configure:3751: result: no
configure:3721: checking for byacc
configure:3751: result: no
configure:3803: checking for ranlib
configure:3819: found /usr/bin/ranlib
configure:3830: result: ranlib
configure:4309: checking for g++
configure:4325: found /usr/bin/g++
configure:4336: result: g++
configure:4363: checking for C++ compiler version
configure:4372: g++ --version >&5
g++ (Ubuntu 9.3.0-17ubuntu1~20.04) 9.3.0
Copyright (C) 2019 Free Software Foundation, Inc.
This is free software; see the source for copying conditions.  There is NO
warranty; not even for MERCHANTABILITY or FITNESS FOR A PARTICULAR PURPOSE.

configure:4383: $? = 0
configure:4372: g++ -v >&5
Using built-in specs.
COLLECT_GCC=g++
COLLECT_LTO_WRAPPER=/usr/lib/gcc/x86_64-linux-gnu/9/lto-wrapper
OFFLOAD_TARGET_NAMES=nvptx-none:hsa
OFFLOAD_TARGET_DEFAULT=1
Target: x86_64-linux-gnu
Configured with: ../src/configure -v --with-pkgversion='Ubuntu 9.3.0-17ubuntu1~20.04' --with-bugurl=file:///usr/share/doc/gcc-9/README.Bugs --enable-languages=c,ada,c++,go,brig,d,fortran,objc,obj-c++,gm2 --prefix=/usr --with-gcc-major-version-only --program-suffix=-9 --program-prefix=x86_64-linux-gnu- --enable-shared --enable-linker-build-id --libexecdir=/usr/lib --without-included-gettext --enable-threads=posix --libdir=/usr/lib --enable-nls --enable-clocale=gnu --enable-libstdcxx-debug --enable-libstdcxx-time=yes --with-default-libstdcxx-abi=new --enable-gnu-unique-object --disable-vtable-verify --enable-plugin --enable-default-pie --with-system-zlib --with-target-system-zlib=auto --enable-objc-gc=auto --enable-multiarch --disable-werror --with-arch-32=i686 --with-abi=m64 --with-multilib-list=m32,m64,mx32 --enable-multilib --with-tune=generic --enable-offload-targets=nvptx-none=/build/gcc-9-HskZEa/gcc-9-9.3.0/debian/tmp-nvptx/usr,hsa --without-cuda-driver --enable-checking=release --build=x86_64-linux-gnu --host=x86_64-linux-gnu --target=x86_64-linux-gnu
Thread model: posix
gcc version 9.3.0 (Ubuntu 9.3.0-17ubuntu1~20.04) 
configure:4383: $? = 0
configure:4372: g++ -V >&5
g++: error: unrecognized command line option '-V'
g++: fatal error: no input files
compilation terminated.
configure:4383: $? = 1
configure:4372: g++ -qversion >&5
g++: error: unrecognized command line option '-qversion'; did you mean '--version'?
g++: fatal error: no input files
compilation terminated.
configure:4383: $? = 1
configure:4387: checking whether we are using the GNU C++ compiler
configure:4406: g++ -c   conftest.cpp >&5
configure:4406: $? = 0
configure:4415: result: yes
configure:4424: checking whether g++ accepts -g
configure:4444: g++ -c -g  conftest.cpp >&5
configure:4444: $? = 0
configure:4485: result: yes
configure:4510: checking dependency style of g++
configure:4621: result: gcc3
configure:4642: checking for main in -lgmp
configure:4661: gcc -o conftest -g -O2   conftest.c -lgmp   >&5
configure:4661: $? = 0
configure:4670: result: yes
configure:4938: checking that generated files are newer than configure
configure:4944: result: done
configure:4975: creating ./config.status

## ---------------------- ##
## Running config.status. ##
## ---------------------- ##

This file was extended by argosmt config.status current, which was
generated by GNU Autoconf 2.69.  Invocation command line was

  CONFIG_FILES    = 
  CONFIG_HEADERS  = 
  CONFIG_LINKS    = 
  CONFIG_COMMANDS = 
  $ ./config.status 

on dragana-VirtualBox

config.status:857: creating Makefile
config.status:857: creating src/Makefile
config.status:857: creating src/auxiliary/Makefile
config.status:857: creating src/expression_library/Makefile
config.status:857: creating src/data_structures/Makefile
config.status:857: creating src/theory_solvers/Makefile
config.status:857: creating src/strategies/Makefile
config.status:857: creating src/quantifiers/Makefile
config.status:857: creating src/solver/Makefile
config.status:857: creating config.h
config.status:1086: executing depfiles commands
config.status:1163: cd src       && sed -e '/# am--include-marker/d' Makefile         | make -f - am--depfiles
config.status:1168: $? = 0
config.status:1163: cd src/auxiliary       && sed -e '/# am--include-marker/d' Makefile         | make -f - am--depfiles
config.status:1168: $? = 0
config.status:1163: cd src/expression_library       && sed -e '/# am--include-marker/d' Makefile         | make -f - am--depfiles
config.status:1168: $? = 0
config.status:1163: cd src/data_structures       && sed -e '/# am--include-marker/d' Makefile         | make -f - am--depfiles
config.status:1168: $? = 0
config.status:1163: cd src/theory_solvers       && sed -e '/# am--include-marker/d' Makefile         | make -f - am--depfiles
config.status:1168: $? = 0
config.status:1163: cd src/strategies       && sed -e '/# am--include-marker/d' Makefile         | make -f - am--depfiles
config.status:1168: $? = 0
config.status:1163: cd src/quantifiers       && sed -e '/# am--include-marker/d' Makefile         | make -f - am--depfiles
config.status:1168: $? = 0
config.status:1163: cd src/solver       && sed -e '/# am--include-marker/d' Makefile         | make -f - am--depfiles
config.status:1168: $? = 0

## ---------------- ##
## Cache variables. ##
## ---------------- ##

ac_cv_c_compiler_gnu=yes
ac_cv_cxx_compiler_gnu=yes
ac_cv_env_CCC_set=
ac_cv_env_CCC_value=
ac_cv_env_CC_set=
ac_cv_env_CC_value=
ac_cv_env_CFLAGS_set=
ac_cv_env_CFLAGS_value=
ac_cv_env_CPPFLAGS_set=
ac_cv_env_CPPFLAGS_value=
ac_cv_env_CXXFLAGS_set=
ac_cv_env_CXXFLAGS_value=
ac_cv_env_CXX_set=
ac_cv_env_CXX_value=
ac_cv_env_LDFLAGS_set=
ac_cv_env_LDFLAGS_value=
ac_cv_env_LIBS_set=
ac_cv_env_LIBS_value=
ac_cv_env_YACC_set=
ac_cv_env_YACC_value=
ac_cv_env_YFLAGS_set=
ac_cv_env_YFLAGS_value=
ac_cv_env_build_alias_set=
ac_cv_env_build_alias_value=
ac_cv_env_host_alias_set=
ac_cv_env_host_alias_value=
ac_cv_env_target_alias_set=
ac_cv_env_target_alias_value=
ac_cv_lib_gmp_main=yes
ac_cv_objext=o
ac_cv_path_install='/usr/bin/install -c'
ac_cv_path_mkdir=/usr/bin/mkdir
ac_cv_prog_AWK=mawk
ac_cv_prog_ac_ct_CC=gcc
ac_cv_prog_ac_ct_CXX=g++
ac_cv_prog_ac_ct_RANLIB=ranlib
ac_cv_prog_cc_c89=
ac_cv_prog_cc_g=yes
ac_cv_prog_cxx_g=yes
ac_cv_prog_make_make_set=yes
am_cv_CC_dependencies_compiler_type=gcc3
am_cv_CXX_dependencies_compiler_type=gcc3
am_cv_make_support_nested_variables=yes
am_cv_prog_cc_c_o=yes

## ----------------- ##
## Output variables. ##
## ----------------- ##

ACLOCAL='${SHELL} "/home/dragana/Desktop/smt resavac sa faksa/argosmt-master/missing" aclocal-1.16'
AMDEPBACKSLASH='\'
AMDEP_FALSE='#'
AMDEP_TRUE=''
AMTAR='$${TAR-tar}'
AM_BACKSLASH='\'
AM_DEFAULT_V='$(AM_DEFAULT_VERBOSITY)'
AM_DEFAULT_VERBOSITY='1'
AM_V='$(V)'
AUTOCONF='${SHELL} "/home/dragana/Desktop/smt resavac sa faksa/argosmt-master/missing" autoconf'
AUTOHEADER='${SHELL} "/home/dragana/Desktop/smt resavac sa faksa/argosmt-master/missing" autoheader'
AUTOMAKE='${SHELL} "/home/dragana/Desktop/smt resavac sa faksa/argosmt-master/missing" automake-1.16'
AWK='mawk'
CC='gcc'
CCDEPMODE='depmode=gcc3'
CFLAGS='-g -O2'
CPPFLAGS=''
CXX='g++'
CXXDEPMODE='depmode=gcc3'
CXXFLAGS='-pedantic -Wall -std=c++17 -DNDEBUG -O3 -D_HYBRID_LONG_VALUE'
CYGPATH_W='echo'
DEFS='-DHAVE_CONFIG_H'
DEPDIR='.deps'
ECHO_C=''
ECHO_N='-n'
ECHO_T=''
EXEEXT=''
INSTALL_DATA='${INSTALL} -m 644'
INSTALL_PROGRAM='${INSTALL}'
INSTALL_SCRIPT='${INSTALL}'
INSTALL_STRIP_PROGRAM='$(install_sh) -c -s'
LDFLAGS=''
LEX=':'
LEXLIB=''
LEX_OUTPUT_ROOT=''
LIBOBJS=''
LIBS='-lgmp -lgmpxx -lrt'
LTLIBOBJS=''
MAKEINFO='${SHELL} "/home/dragana/Desktop/smt resavac sa faksa/argosmt-master/missing" makeinfo'
MKDIR_P='/usr/bin/mkdir -p'
OBJEXT='o'
PACKAGE='argosmt'
PACKAGE_BUGREPORT='milan@matf.bg.ac.rs'
PACKAGE_NAME='argosmt'
PACKAGE_STRING='argosmt current'
PACKAGE_TARNAME='argosmt'
PACKAGE_URL=''
PACKAGE_VERSION='current'
PATH_SEPARATOR=':'
RANLIB='ranlib'
SET_MAKE=''
SHELL='/bin/bash'
STRIP=''
VERSION='current'
YACC='yacc'
YFLAGS=''
ac_ct_CC='gcc'
ac_ct_CXX='g++'
am__EXEEXT_FALSE=''
am__EXEEXT_TRUE='#'
am__fastdepCC_FALSE='#'
am__fastdepCC_TRUE=''
am__fastdepCXX_FALSE='#'
am__fastdepCXX_TRUE=''
am__include='include'
am__isrc=''
am__leading_dot='.'
am__nodep='_no'
am__quote=''
am__tar='$${TAR-tar} chof - "$$tardir"'
am__untar='$${TAR-tar} xf -'
bindir='${exec_prefix}/bin'
build_alias=''
datadir='${datarootdir}'
datarootdir='${prefix}/share'
docdir='${datarootdir}/doc/${PACKAGE_TARNAME}'
dvidir='${docdir}'
exec_prefix='${prefix}'
host_alias=''
htmldir='${docdir}'
includedir='${prefix}/include'
infodir='${datarootdir}/info'
install_sh='${SHELL} '\''/home/dragana/Desktop/smt resavac sa faksa/argosmt-master/install-sh'\'''
libdir='${exec_prefix}/lib'
libexecdir='${exec_prefix}/libexec'
localedir='${datarootdir}/locale'
localstatedir='${prefix}/var'
mandir='${datarootdir}/man'
mkdir_p='$(MKDIR_P)'
oldincludedir='/usr/include'
pdfdir='${docdir}'
prefix='/usr/local'
program_transform_name='s,x,x,'
psdir='${docdir}'
sbindir='${exec_prefix}/sbin'
sharedstatedir='${prefix}/com'
sysconfdir='${prefix}/etc'
target_alias=''

## ----------- ##
## confdefs.h. ##
## ----------- ##

/* confdefs.h */
#define PACKAGE_NAME "argosmt"
#define PACKAGE_TARNAME "argosmt"
#define PACKAGE_VERSION "current"
#define PACKAGE_STRING "argosmt current"
#define PACKAGE_BUGREPORT "milan@matf.bg.ac.rs"
#define PACKAGE_URL ""
#define PACKAGE "argosmt"
#define VERSION "current"
#define BUILDDATE "Tue Aug  8 20:47:58 UTC 2023"
#define HAVE_LIBGMP 1

configure: exit 0
